<?xml version="1.0" encoding="UTF-8"?>
<!-- Generated by org.testng.reporters.JUnitXMLReporter -->
<testsuite hostname="DESKTOP-QVOPDH4" ignored="0" name="Test" tests="4" failures="1" timestamp="2022-12-14T15:54:35 IST" time="0.083" errors="0">
  <testcase name="fullname" time="0.015" classname="testng_Feautures.Iretry_Analyser_Concept">
    <skipped/>
  </testcase> <!-- fullname -->
  <testcase name="fullname" time="0.002" classname="testng_Feautures.Iretry_Analyser_Concept">
    <skipped/>
  </testcase> <!-- fullname -->
  <testcase name="fullname" time="0.002" classname="testng_Feautures.Iretry_Analyser_Concept">
    <failure type="java.lang.AssertionError" message="expected [Mathijenesh] but found [Manishabasker]">
      <![CDATA[java.lang.AssertionError: expected [Mathijenesh] but found [Manishabasker]
at testng_Feautures.Iretry_Analyser_Concept.fullname(Iretry_Analyser_Concept.java:19)
at java.util.ArrayList.forEach(Unknown Source)
... Removed 33 stack frames]]>
    </failure>
  </testcase> <!-- fullname -->
  <testcase name="phonenumber" time="0.003" classname="testng_Feautures.Iretry_Analyser_Concept"/>
</testsuite> <!-- Test -->
